0 silly argv {
0 silly argv   _: [ 'version' ],
0 silly argv   lernaVersion: '7.1.4',
0 silly argv   '$0': 'node_modules/lerna/dist/cli.js'
0 silly argv }
1 notice cli v7.1.4
2 verbose packageConfigs Package manager "pnpm" detected. Resolving packages using `pnpm-workspace.yaml`.
3 verbose rootPath /Volumes/Data/Develop/ObserverX
4 info versioning independent
5 silly isAnythingCommitted
6 verbose isAnythingCommitted 1
7 silly getCurrentBranch
8 verbose currentBranch main
9 silly remoteBranchExists
10 silly isBehindUpstream
11 error Error: Command failed with exit code 1: git remote update
11 error fatal: unable to access 'https://github.com/samzhangjy/ObserverX.git/': Failed to connect to github.com port 443 after 75013 ms: Couldn't connect to server
11 error error: Could not fetch origin
11 error Fetching origin
11 error     at makeError (/Volumes/Data/Develop/ObserverX/node_modules/.pnpm/execa@5.1.1/node_modules/execa/lib/error.js:60:11)
11 error     at module.exports.sync (/Volumes/Data/Develop/ObserverX/node_modules/.pnpm/execa@5.1.1/node_modules/execa/index.js:194:17)
11 error     at Object.execSync (/Volumes/Data/Develop/ObserverX/node_modules/.pnpm/@lerna+child-process@7.1.4/node_modules/@lerna/child-process/index.js:39:16)
11 error     at updateRemote (/Volumes/Data/Develop/ObserverX/node_modules/.pnpm/lerna@7.1.4/node_modules/lerna/dist/index.js:7613:18)
11 error     at isBehindUpstream (/Volumes/Data/Develop/ObserverX/node_modules/.pnpm/lerna@7.1.4/node_modules/lerna/dist/index.js:7603:3)
11 error     at VersionCommand.initialize (/Volumes/Data/Develop/ObserverX/node_modules/.pnpm/lerna@7.1.4/node_modules/lerna/dist/index.js:7913:57)
